{"numTotalTestSuites":31,"numPassedTestSuites":31,"numFailedTestSuites":0,"numPendingTestSuites":0,"numTotalTests":54,"numPassedTests":52,"numFailedTests":2,"numPendingTests":0,"numTodoTests":0,"startTime":1756061247555,"success":false,"testResults":[{"assertionResults":[{"ancestorTitles":["","Datasets API","GET /api/datasets"],"fullName":" Datasets API GET /api/datasets should return list of datasets including sample data","status":"passed","title":"should return list of datasets including sample data","duration":18,"failureMessages":[]},{"ancestorTitles":["","Datasets API","GET /api/datasets"],"fullName":" Datasets API GET /api/datasets should return datasets with correct structure","status":"passed","title":"should return datasets with correct structure","duration":4,"failureMessages":[]},{"ancestorTitles":["","Datasets API","GET /api/datasets"],"fullName":" Datasets API GET /api/datasets should return sample dataset with expected properties","status":"passed","title":"should return sample dataset with expected properties","duration":5,"failureMessages":[]},{"ancestorTitles":["","Datasets API","GET /api/datasets/:id"],"fullName":" Datasets API GET /api/datasets/:id should return specific dataset details","status":"passed","title":"should return specific dataset details","duration":3,"failureMessages":[]},{"ancestorTitles":["","Datasets API","GET /api/datasets/:id"],"fullName":" Datasets API GET /api/datasets/:id should return 404 for non-existent dataset","status":"passed","title":"should return 404 for non-existent dataset","duration":3,"failureMessages":[]},{"ancestorTitles":["","Datasets API","GET /api/datasets/:id"],"fullName":" Datasets API GET /api/datasets/:id should handle invalid dataset ID format","status":"passed","title":"should handle invalid dataset ID format","duration":2,"failureMessages":[]},{"ancestorTitles":["","Datasets API","GET /api/datasets/:id"],"fullName":" Datasets API GET /api/datasets/:id should handle empty dataset ID","status":"passed","title":"should handle empty dataset ID","duration":5,"failureMessages":[]},{"ancestorTitles":["","Datasets API","GET /api/datasets/:id/preview"],"fullName":" Datasets API GET /api/datasets/:id/preview should return preview data for existing dataset","status":"passed","title":"should return preview data for existing dataset","duration":3,"failureMessages":[]},{"ancestorTitles":["","Datasets API","GET /api/datasets/:id/preview"],"fullName":" Datasets API GET /api/datasets/:id/preview should return consistent preview data structure","status":"passed","title":"should return consistent preview data structure","duration":4,"failureMessages":[]},{"ancestorTitles":["","Datasets API","GET /api/datasets/:id/preview"],"fullName":" Datasets API GET /api/datasets/:id/preview should return 404 for preview of non-existent dataset","status":"passed","title":"should return 404 for preview of non-existent dataset","duration":3,"failureMessages":[]},{"ancestorTitles":["","Datasets API","POST /api/datasets/upload"],"fullName":" Datasets API POST /api/datasets/upload should return 501 for unimplemented upload feature","status":"passed","title":"should return 501 for unimplemented upload feature","duration":6,"failureMessages":[]},{"ancestorTitles":["","Datasets API","POST /api/datasets/upload"],"fullName":" Datasets API POST /api/datasets/upload should handle empty upload request","status":"passed","title":"should handle empty upload request","duration":11,"failureMessages":[]},{"ancestorTitles":["","Datasets API","DELETE /api/datasets/:id"],"fullName":" Datasets API DELETE /api/datasets/:id should return 501 for unimplemented delete feature","status":"passed","title":"should return 501 for unimplemented delete feature","duration":3,"failureMessages":[]},{"ancestorTitles":["","Datasets API","Edge Cases"],"fullName":" Datasets API Edge Cases should handle concurrent requests for same dataset","status":"passed","title":"should handle concurrent requests for same dataset","duration":20,"failureMessages":[]},{"ancestorTitles":["","Datasets API","Edge Cases"],"fullName":" Datasets API Edge Cases should handle malformed dataset IDs","status":"failed","title":"should handle malformed dataset IDs","duration":6,"failureMessages":["expected 404 \"Not Found\", got 200 \"OK\""],"location":{"line":217,"column":12}},{"ancestorTitles":["","Datasets API","Edge Cases"],"fullName":" Datasets API Edge Cases should handle very long dataset IDs","status":"passed","title":"should handle very long dataset IDs","duration":3,"failureMessages":[]},{"ancestorTitles":["","Datasets API","Edge Cases"],"fullName":" Datasets API Edge Cases should handle special characters in dataset IDs","status":"passed","title":"should handle special characters in dataset IDs","duration":7,"failureMessages":[]},{"ancestorTitles":["","Datasets API","Edge Cases"],"fullName":" Datasets API Edge Cases should handle concurrent preview requests","status":"passed","title":"should handle concurrent preview requests","duration":10,"failureMessages":[]}],"startTime":1756061248236,"endTime":1756061248354,"status":"failed","message":"","name":"C:/Users/scale/Code/edgeql/EdgeQL/services/api/src/tests/datasets.test.ts"},{"assertionResults":[{"ancestorTitles":["","Nodes API","GET /api/nodes"],"fullName":" Nodes API GET /api/nodes should return list of all nodes including built-ins","status":"passed","title":"should return list of all nodes including built-ins","duration":19,"failureMessages":[]},{"ancestorTitles":["","Nodes API","GET /api/nodes"],"fullName":" Nodes API GET /api/nodes should return nodes with correct structure","status":"passed","title":"should return nodes with correct structure","duration":4,"failureMessages":[]},{"ancestorTitles":["","Nodes API","GET /api/nodes/builtin"],"fullName":" Nodes API GET /api/nodes/builtin should return only built-in nodes","status":"passed","title":"should return only built-in nodes","duration":4,"failureMessages":[]},{"ancestorTitles":["","Nodes API","GET /api/nodes/builtin"],"fullName":" Nodes API GET /api/nodes/builtin should include all expected built-in nodes","status":"passed","title":"should include all expected built-in nodes","duration":3,"failureMessages":[]},{"ancestorTitles":["","Nodes API","GET /api/nodes/custom"],"fullName":" Nodes API GET /api/nodes/custom should return empty list when no custom nodes exist","status":"passed","title":"should return empty list when no custom nodes exist","duration":4,"failureMessages":[]},{"ancestorTitles":["","Nodes API","GET /api/nodes/:id"],"fullName":" Nodes API GET /api/nodes/:id should return specific built-in node","status":"passed","title":"should return specific built-in node","duration":3,"failureMessages":[]},{"ancestorTitles":["","Nodes API","GET /api/nodes/:id"],"fullName":" Nodes API GET /api/nodes/:id should return indicator node with correct schema","status":"passed","title":"should return indicator node with correct schema","duration":4,"failureMessages":[]},{"ancestorTitles":["","Nodes API","GET /api/nodes/:id"],"fullName":" Nodes API GET /api/nodes/:id should return crossover signal node with correct schema","status":"passed","title":"should return crossover signal node with correct schema","duration":3,"failureMessages":[]},{"ancestorTitles":["","Nodes API","GET /api/nodes/:id"],"fullName":" Nodes API GET /api/nodes/:id should return backtest node with correct schema","status":"passed","title":"should return backtest node with correct schema","duration":4,"failureMessages":[]},{"ancestorTitles":["","Nodes API","GET /api/nodes/:id"],"fullName":" Nodes API GET /api/nodes/:id should return 404 for non-existent node","status":"passed","title":"should return 404 for non-existent node","duration":3,"failureMessages":[]},{"ancestorTitles":["","Nodes API","GET /api/nodes/:id"],"fullName":" Nodes API GET /api/nodes/:id should handle invalid node ID format","status":"passed","title":"should handle invalid node ID format","duration":4,"failureMessages":[]},{"ancestorTitles":["","Nodes API","POST /api/nodes"],"fullName":" Nodes API POST /api/nodes should return 501 for unimplemented custom node creation","status":"passed","title":"should return 501 for unimplemented custom node creation","duration":12,"failureMessages":[]},{"ancestorTitles":["","Nodes API","POST /api/nodes"],"fullName":" Nodes API POST /api/nodes should handle empty request body","status":"passed","title":"should handle empty request body","duration":3,"failureMessages":[]},{"ancestorTitles":["","Nodes API","PUT /api/nodes/:id"],"fullName":" Nodes API PUT /api/nodes/:id should return 501 for unimplemented custom node editing","status":"passed","title":"should return 501 for unimplemented custom node editing","duration":3,"failureMessages":[]},{"ancestorTitles":["","Nodes API","DELETE /api/nodes/:id"],"fullName":" Nodes API DELETE /api/nodes/:id should return 501 for unimplemented custom node deletion","status":"passed","title":"should return 501 for unimplemented custom node deletion","duration":4,"failureMessages":[]},{"ancestorTitles":["","Nodes API","Edge Cases"],"fullName":" Nodes API Edge Cases should handle concurrent requests for same node","status":"passed","title":"should handle concurrent requests for same node","duration":16,"failureMessages":[]},{"ancestorTitles":["","Nodes API","Edge Cases"],"fullName":" Nodes API Edge Cases should handle malformed node IDs","status":"failed","title":"should handle malformed node IDs","duration":5,"failureMessages":["expected 404 \"Not Found\", got 200 \"OK\""],"location":{"line":234,"column":12}},{"ancestorTitles":["","Nodes API","Edge Cases"],"fullName":" Nodes API Edge Cases should handle very long node IDs","status":"passed","title":"should handle very long node IDs","duration":3,"failureMessages":[]}],"startTime":1756061248236,"endTime":1756061248339,"status":"failed","message":"","name":"C:/Users/scale/Code/edgeql/EdgeQL/services/api/src/tests/nodes.test.ts"},{"assertionResults":[{"ancestorTitles":["","Pipelines API","GET /api/pipelines"],"fullName":" Pipelines API GET /api/pipelines should return list of pipelines","status":"passed","title":"should return list of pipelines","duration":22,"failureMessages":[]},{"ancestorTitles":["","Pipelines API","GET /api/pipelines/:id"],"fullName":" Pipelines API GET /api/pipelines/:id should return specific pipeline","status":"passed","title":"should return specific pipeline","duration":4,"failureMessages":[]},{"ancestorTitles":["","Pipelines API","GET /api/pipelines/:id"],"fullName":" Pipelines API GET /api/pipelines/:id should return 404 for non-existent pipeline","status":"passed","title":"should return 404 for non-existent pipeline","duration":9,"failureMessages":[]},{"ancestorTitles":["","Pipelines API","POST /api/pipelines/:id/run"],"fullName":" Pipelines API POST /api/pipelines/:id/run should start pipeline execution","status":"passed","title":"should start pipeline execution","duration":12,"failureMessages":[]},{"ancestorTitles":["","Pipelines API","POST /api/pipelines/:id/run"],"fullName":" Pipelines API POST /api/pipelines/:id/run should return 404 for non-existent pipeline","status":"passed","title":"should return 404 for non-existent pipeline","duration":4,"failureMessages":[]},{"ancestorTitles":["","Pipelines API","GET /api/pipelines/:id/runs"],"fullName":" Pipelines API GET /api/pipelines/:id/runs should return empty runs list for pipeline with no runs","status":"passed","title":"should return empty runs list for pipeline with no runs","duration":3,"failureMessages":[]}],"startTime":1756061248246,"endTime":1756061248300,"status":"passed","message":"","name":"C:/Users/scale/Code/edgeql/EdgeQL/services/api/src/tests/pipelines.test.ts"},{"assertionResults":[{"ancestorTitles":["","Runs API","GET /api/runs"],"fullName":" Runs API GET /api/runs should return empty list when no runs exist","status":"passed","title":"should return empty list when no runs exist","duration":18,"failureMessages":[]},{"ancestorTitles":["","Runs API","GET /api/runs"],"fullName":" Runs API GET /api/runs should respect limit parameter","status":"passed","title":"should respect limit parameter","duration":4,"failureMessages":[]},{"ancestorTitles":["","Runs API","GET /api/runs"],"fullName":" Runs API GET /api/runs should respect offset parameter","status":"passed","title":"should respect offset parameter","duration":4,"failureMessages":[]},{"ancestorTitles":["","Runs API","GET /api/runs"],"fullName":" Runs API GET /api/runs should cap limit at 100","status":"passed","title":"should cap limit at 100","duration":3,"failureMessages":[]},{"ancestorTitles":["","Runs API","GET /api/runs"],"fullName":" Runs API GET /api/runs should handle invalid limit parameter","status":"passed","title":"should handle invalid limit parameter","duration":4,"failureMessages":[]},{"ancestorTitles":["","Runs API","GET /api/runs/:id"],"fullName":" Runs API GET /api/runs/:id should return 404 for non-existent run","status":"passed","title":"should return 404 for non-existent run","duration":3,"failureMessages":[]},{"ancestorTitles":["","Runs API","GET /api/runs/:id"],"fullName":" Runs API GET /api/runs/:id should handle invalid run ID format","status":"passed","title":"should handle invalid run ID format","duration":4,"failureMessages":[]},{"ancestorTitles":["","Runs API","GET /api/runs/:id/logs"],"fullName":" Runs API GET /api/runs/:id/logs should return 404 for non-existent run logs","status":"passed","title":"should return 404 for non-existent run logs","duration":4,"failureMessages":[]},{"ancestorTitles":["","Runs API","POST /api/runs/:id/cancel"],"fullName":" Runs API POST /api/runs/:id/cancel should return 404 for non-existent run","status":"passed","title":"should return 404 for non-existent run","duration":4,"failureMessages":[]},{"ancestorTitles":["","Runs API","Edge Cases"],"fullName":" Runs API Edge Cases should handle malformed URLs gracefully","status":"passed","title":"should handle malformed URLs gracefully","duration":3,"failureMessages":[]},{"ancestorTitles":["","Runs API","Edge Cases"],"fullName":" Runs API Edge Cases should handle empty request body for cancel operation","status":"passed","title":"should handle empty request body for cancel operation","duration":3,"failureMessages":[]},{"ancestorTitles":["","Runs API","Edge Cases"],"fullName":" Runs API Edge Cases should handle concurrent requests to same run","status":"passed","title":"should handle concurrent requests to same run","duration":17,"failureMessages":[]}],"startTime":1756061248233,"endTime":1756061248304,"status":"passed","message":"","name":"C:/Users/scale/Code/edgeql/EdgeQL/services/api/src/tests/runs.test.ts"}]}